<?xml version="1.0" encoding="UTF-8"?>
<!-- Generated by org.testng.reporters.JUnitXMLReporter -->
<testsuite ignored="2" hostname="NOB25-42000N" failures="0" tests="1" name="Surefire test" time="4.773" errors="0" timestamp="2025-10-27T11:02:06 BRT">
  <testcase classname="com.mycompany.projetosigaa.SigaaTest" name="testExtrairNotaPOO" time="3.151"/>
  <testcase classname="com.mycompany.projetosigaa.DriverFactory" name="@BeforeSuite instantiateDriverObject" time="0.0">
    <ignored/>
  </testcase> <!-- @BeforeSuite instantiateDriverObject -->
  <testcase classname="com.mycompany.projetosigaa.DriverFactory" name="@AfterSuite closeDriverObjects" time="0.0">
    <ignored/>
  </testcase> <!-- @AfterSuite closeDriverObjects -->
</testsuite> <!-- Surefire test -->
