<?xml version="1.0" encoding="UTF-8"?>
<testng-results ignored="0" total="1" passed="1" failed="0" skipped="0">
  <reporter-output>
  </reporter-output>
  <suite started-at="2025-10-27T11:02:01 BRT" name="Surefire suite" finished-at="2025-10-27T11:02:06 BRT" duration-ms="4773">
    <groups>
    </groups>
    <test started-at="2025-10-27T11:02:01 BRT" name="Surefire test" finished-at="2025-10-27T11:02:06 BRT" duration-ms="4773">
      <class name="com.mycompany.projetosigaa.BaseTest">
        <test-method is-config="true" signature="instantiateDriverObject()[pri:0, instance:com.mycompany.projetosigaa.BaseTest@5ad851c9]" started-at="2025-10-27T11:02:01 BRT" name="instantiateDriverObject" finished-at="2025-10-27T11:02:01 BRT" duration-ms="8" status="PASS">
          <reporter-output>
          </reporter-output>
        </test-method> <!-- instantiateDriverObject -->
        <test-method is-config="true" signature="closeDriverObjects()[pri:0, instance:com.mycompany.projetosigaa.BaseTest@5ad851c9]" started-at="2025-10-27T11:02:06 BRT" name="closeDriverObjects" finished-at="2025-10-27T11:02:06 BRT" duration-ms="182" status="PASS">
          <reporter-output>
          </reporter-output>
        </test-method> <!-- closeDriverObjects -->
      </class> <!-- com.mycompany.projetosigaa.BaseTest -->
      <class name="com.mycompany.projetosigaa.SigaaTest">
        <test-method is-config="true" signature="setUp()[pri:0, instance:com.mycompany.projetosigaa.SigaaTest@19d37183]" started-at="2025-10-27T11:02:01 BRT" name="setUp" finished-at="2025-10-27T11:02:03 BRT" duration-ms="1584" status="PASS">
          <reporter-output>
          </reporter-output>
        </test-method> <!-- setUp -->
        <test-method signature="testExtrairNotaPOO()[pri:0, instance:com.mycompany.projetosigaa.SigaaTest@19d37183]" started-at="2025-10-27T11:02:03 BRT" name="testExtrairNotaPOO" finished-at="2025-10-27T11:02:06 BRT" duration-ms="3151" status="PASS">
          <reporter-output>
          </reporter-output>
        </test-method> <!-- testExtrairNotaPOO -->
        <test-method is-config="true" signature="clearCookies()[pri:0, instance:com.mycompany.projetosigaa.SigaaTest@19d37183]" started-at="2025-10-27T11:02:06 BRT" name="clearCookies" finished-at="2025-10-27T11:02:06 BRT" duration-ms="16" status="PASS">
          <reporter-output>
          </reporter-output>
        </test-method> <!-- clearCookies -->
      </class> <!-- com.mycompany.projetosigaa.SigaaTest -->
    </test> <!-- Surefire test -->
  </suite> <!-- Surefire suite -->
</testng-results>
